<?xml version="1.0" encoding="UTF-8"?>
<!-- Generated by org.testng.reporters.JUnitReportReporter -->
<testsuite hostname="Lenovo" name="demo.NewTest" tests="2" failures="0" timestamp="18 Jun 2021 07:16:32 GMT" time="42.128" errors="0">
  <testcase name="javaTest" time="35.080" classname="demo.NewTest"/>
  <testcase name="seleniumTest" time="7.048" classname="demo.NewTest"/>
</testsuite> <!-- demo.NewTest -->
